Base path: Z:/Unity/Editor/Data
Cmd: getPlatforms
Cmd: compileSnippet
  api=8 type=0 insize=971 outsize=1169 kw= pd=UNITY_NO_LINEAR_COLORSPACE UNITY_ENABLE_REFLECTION_BUFFERS UNITY_PBS_USE_BRDF3 ok=1
Cmd: disassembleShader
  api=13 insize=1169 outsize=2845 ok=1
Cmd: compileSnippet
  api=8 type=0 insize=3675 outsize=697 kw= pd=UNITY_NO_LINEAR_COLORSPACE UNITY_ENABLE_REFLECTION_BUFFERS UNITY_PBS_USE_BRDF3 ok=1
Cmd: disassembleShader
  api=13 insize=697 outsize=1960 ok=1
Cmd: compileSnippet
  api=4 type=0 insize=3675 outsize=473 kw=SPOT pd=UNITY_ENABLE_REFLECTION_BUFFERS UNITY_PBS_USE_BRDF1 UNITY_SPECCUBE_BOX_PROJECTION UNITY_SPECCUBE_BLENDING ok=1
Cmd: disassembleShader
  api=15 insize=473 outsize=1115 ok=1
Cmd: compileSnippet
  api=8 type=1 insize=3675 outsize=329 kw= pd=UNITY_NO_LINEAR_COLORSPACE UNITY_ENABLE_REFLECTION_BUFFERS UNITY_PBS_USE_BRDF3 ok=1
Cmd: disassembleShader
  api=14 insize=329 outsize=892 ok=1
Cmd: compileSnippet
  api=4 type=1 insize=3675 outsize=249 kw=SPOT pd=UNITY_ENABLE_REFLECTION_BUFFERS UNITY_PBS_USE_BRDF1 UNITY_SPECCUBE_BOX_PROJECTION UNITY_SPECCUBE_BLENDING ok=1
Cmd: disassembleShader
  api=17 insize=249 outsize=761 ok=1
Cmd: compileSnippet
  api=8 type=0 insize=964 outsize=1169 kw= pd=UNITY_NO_LINEAR_COLORSPACE UNITY_ENABLE_REFLECTION_BUFFERS UNITY_PBS_USE_BRDF3 ok=1
Cmd: disassembleShader
  api=13 insize=1169 outsize=2845 ok=1
Cmd: compileSnippet
  error: 2 plat 4 at (0): Program 'frag', error X3501: 'frag': entrypoint not found\nCompiling Fragment program
Platform defines: UNITY_ENABLE_REFLECTION_BUFFERS UNITY_PBS_USE_BRDF1 UNITY_SPECCUBE_BOX_PROJECTION UNITY_SPECCUBE_BLENDING
  api=4 type=1 insize=964 outsize=0 kw= pd=UNITY_ENABLE_REFLECTION_BUFFERS UNITY_PBS_USE_BRDF1 UNITY_SPECCUBE_BOX_PROJECTION UNITY_SPECCUBE_BLENDING ok=0
Cmd: disassembleShader
  api=13 insize=697 outsize=1960 ok=1
Cmd: disassembleShader
  api=15 insize=473 outsize=1115 ok=1
Cmd: disassembleShader
  api=15 insize=473 outsize=1115 ok=1
Cmd: disassembleShader
  api=17 insize=249 outsize=761 ok=1
Cmd: disassembleShader
  api=14 insize=329 outsize=892 ok=1
